Build started 2/12/2015 12:03:15 AM.
     1>Project "E:\CSE 687 - Object Oriented Design\Submissions\Project 1\FileCatalogue\Exec\Exec.vcxproj" on node 3 (Rebuild target(s)).
     1>ClCompile:
         C:\Program Files (x86)\Microsoft Visual Studio 12.0\VC\bin\CL.exe /c /ZI /nologo /W3 /WX- /sdl /Od /Oy- /D WIN32 /D _DEBUG /D _CONSOLE /D _LIB /D _UNICODE /D UNICODE /D TEST_EXECUTION /Gm /EHsc /RTC1 /MDd /GS /fp:precise /Zc:wchar_t /Zc:forScope /Fo"Debug\\" /Fd"Debug\vc120.pdb" /Gd /TP /analyze- /errorReport:prompt ..\Catalogue\Catalogue.cpp ..\DataStore\DataStore.cpp ..\Display\Display.cpp ..\FileManager\FileManager.cpp ..\FileSystem\FileSystem.cpp Execution.cpp
         Execution.cpp
         FileSystem.cpp
         FileManager.cpp
         Display.cpp
         DataStore.cpp
         Catalogue.cpp
         Generating Code...
       Link:
         C:\Program Files (x86)\Microsoft Visual Studio 12.0\VC\bin\link.exe /ERRORREPORT:PROMPT /OUT:"E:\CSE 687 - Object Oriented Design\Submissions\Project 1\FileCatalogue\Debug\Exec.exe" /INCREMENTAL /NOLOGO kernel32.lib user32.lib gdi32.lib winspool.lib comdlg32.lib advapi32.lib shell32.lib ole32.lib oleaut32.lib uuid.lib odbc32.lib odbccp32.lib /MANIFEST /MANIFESTUAC:"level='asInvoker' uiAccess='false'" /manifest:embed /DEBUG /PDB:"E:\CSE 687 - Object Oriented Design\Submissions\Project 1\FileCatalogue\Debug\Exec.pdb" /SUBSYSTEM:CONSOLE /TLBID:1 /DYNAMICBASE /NXCOMPAT /IMPLIB:"E:\CSE 687 - Object Oriented Design\Submissions\Project 1\FileCatalogue\Debug\Exec.lib" /MACHINE:X86 Debug\Catalogue.obj
         Debug\DataStore.obj
         Debug\Display.obj
         Debug\FileManager.obj
         Debug\FileSystem.obj
         Debug\Execution.obj
         Exec.vcxproj -> E:\CSE 687 - Object Oriented Design\Submissions\Project 1\FileCatalogue\Debug\Exec.exe
     1>Done Building Project "E:\CSE 687 - Object Oriented Design\Submissions\Project 1\FileCatalogue\Exec\Exec.vcxproj" (Rebuild target(s)).

Build succeeded.

Time Elapsed 00:00:13.63
